[1016/232353.194:ERROR:backend_impl.cc(1041)] Critical error found -8
[1016/232353.195:ERROR:entry_impl.cc(1075)] No file for c103000c
[1016/232353.195:WARNING:storage_block-inl.h(146)] Failed data load.
[1016/232353.195:WARNING:storage_block-inl.h(146)] Failed data load.
[1016/232353.195:WARNING:storage_block-inl.h(146)] Failed data load.
[1016/232353.195:WARNING:storage_block-inl.h(146)] Failed data load.
[1016/232353.195:ERROR:entry_impl.cc(1075)] No file for c1030000
[1016/232353.195:WARNING:storage_block-inl.h(146)] Failed data load.
[1016/232353.195:WARNING:storage_block-inl.h(146)] Failed data load.
[1016/232353.195:WARNING:storage_block-inl.h(146)] Failed data load.
[1016/232353.195:WARNING:storage_block-inl.h(146)] Failed data load.
[1016/232353.196:ERROR:entry_impl.cc(1075)] No file for c1030014
[1016/232353.196:WARNING:storage_block-inl.h(146)] Failed data load.
[1016/232353.196:WARNING:storage_block-inl.h(146)] Failed data load.
[1016/232353.196:WARNING:storage_block-inl.h(146)] Failed data load.
[1016/232551.158:ERROR:gpu_init.cc(426)] Passthrough is not supported, GL is disabled
[1016/232638.077:WARNING:angle_platform_impl.cc(48)] HLSLCompiler.cpp:257 (compileToBinary): 
C:\fakepath(102,1-6): warning X4000: use of potentially uninitialized variable (dyn_index_vec4_float4)

[1016/232638.224:WARNING:angle_platform_impl.cc(48)] HLSLCompiler.cpp:257 (compileToBinary): 
C:\fakepath(135,1): warning X4000: use of potentially uninitialized variable (f_i)
C:\fakepath(137,1): warning X4000: use of potentially uninitialized variable (f_i)
C:\fakepath(173,1): warning X4000: use of potentially uninitialized variable (f_u)

[1016/232638.433:WARNING:angle_platform_impl.cc(48)] HLSLCompiler.cpp:257 (compileToBinary): 
C:\fakepath(165,1): warning X4000: use of potentially uninitialized variable (f_renderMipMapLevel)

[1016/232638.434:WARNING:angle_platform_impl.cc(48)] HLSLCompiler.cpp:257 (compileToBinary): 
C:\fakepath(165,1): warning X4000: use of potentially uninitialized variable (f_renderMipMapLevel)

[1016/232638.439:WARNING:angle_platform_impl.cc(48)] HLSLCompiler.cpp:257 (compileToBinary): 
C:\fakepath(165,1): warning X4000: use of potentially uninitialized variable (f_renderMipMapLevel)

[1016/232638.440:WARNING:angle_platform_impl.cc(48)] HLSLCompiler.cpp:257 (compileToBinary): 
C:\fakepath(165,1): warning X4000: use of potentially uninitialized variable (f_renderMipMapLevel)

[1016/232639.057:ERROR:gl_utils.cc(314)] [.WebGL-00000317C514E080] GL_INVALID_OPERATION: Two textures of different types use the same sampler location.
[1016/232639.057:ERROR:gl_utils.cc(314)] [.WebGL-00000317C514E080] GL_INVALID_OPERATION: Two textures of different types use the same sampler location.
[1016/232639.057:ERROR:gl_utils.cc(314)] [.WebGL-00000317C514E080] GL_INVALID_OPERATION: Two textures of different types use the same sampler location.
[1016/232639.077:ERROR:gl_utils.cc(314)] [.WebGL-00000317C514E080] GL_INVALID_OPERATION: Two textures of different types use the same sampler location.
[1016/232639.077:ERROR:gl_utils.cc(314)] [.WebGL-00000317C514E080] GL_INVALID_OPERATION: Two textures of different types use the same sampler location.
[1016/232639.077:ERROR:gl_utils.cc(314)] [.WebGL-00000317C514E080] GL_INVALID_OPERATION: Two textures of different types use the same sampler location.
